#
# There is insufficient memory for the Java Runtime Environment to continue.
# Native memory allocation (malloc) failed to allocate 32744 bytes for ChunkPool::allocate
# Possible reasons:
#   The system is out of physical RAM or swap space
#   In 32 bit mode, the process size limit was hit
# Possible solutions:
#   Reduce memory load on the system
#   Increase physical memory or swap space
#   Check if swap backing store is full
#   Use 64 bit Java on a 64 bit OS
#   Decrease Java heap size (-Xmx/-Xms)
#   Decrease number of Java threads
#   Decrease Java thread stack sizes (-Xss)
#   Set larger code cache with -XX:ReservedCodeCacheSize=
# This output file may be truncated or incomplete.
#
#  Out of Memory Error (allocation.cpp:271), pid=28948, tid=29052
#
# JRE version: Java(TM) SE Runtime Environment (8.0_11-b12) (build 1.8.0_11-b12)
# Java VM: Java HotSpot(TM) 64-Bit Server VM (25.11-b03 mixed mode windows-amd64 compressed oops)
# Failed to write core dump. Minidumps are not enabled by default on client versions of Windows
#

---------------  T H R E A D  ---------------

Current thread (0x00000000550e9800):  JavaThread "C1 CompilerThread2" daemon [_thread_in_native, id=29052, stack(0x0000000054c20000,0x0000000054d20000)]

Stack: [0x0000000054c20000,0x0000000054d20000]
Native frames: (J=compiled Java code, j=interpreted, Vv=VM code, C=native code)
V  [jvm.dll+0x308eca]


Current CompileTask:
C1:  11390  447   !   3      
[error occurred during error reporting (printing current compile task), id 0xe0000001]


---------------  P R O C E S S  ---------------

Java Threads: ( => current thread )
  0x000000005738b800 JavaThread "TimerQueue" daemon [_thread_blocked, id=29684, stack(0x0000000057fa0000,0x00000000580a0000)]
  0x000000000230d800 JavaThread "DestroyJavaVM" [_thread_blocked, id=28972, stack(0x0000000002540000,0x0000000002640000)]
  0x0000000055484000 JavaThread "AWT-EventQueue-0" [_thread_blocked, id=29576, stack(0x00000000562d0000,0x00000000563d0000)]
  0x0000000055408000 JavaThread "AWT-Windows" daemon [_thread_in_native, id=29300, stack(0x0000000055cd0000,0x0000000055dd0000)]
  0x0000000055407000 JavaThread "AWT-Shutdown" [_thread_blocked, id=29296, stack(0x0000000055bb0000,0x0000000055cb0000)]
  0x00000000552b3800 JavaThread "Java2D Disposer" daemon [_thread_blocked, id=29244, stack(0x00000000559a0000,0x0000000055aa0000)]
  0x0000000055102000 JavaThread "Service Thread" daemon [_thread_blocked, id=29060, stack(0x0000000055660000,0x0000000055760000)]
=>0x00000000550e9800 JavaThread "C1 CompilerThread2" daemon [_thread_in_native, id=29052, stack(0x0000000054c20000,0x0000000054d20000)]
  0x00000000550e8000 JavaThread "C2 CompilerThread1" daemon [_thread_blocked, id=29048, stack(0x0000000055510000,0x0000000055610000)]
  0x0000000053605800 JavaThread "C2 CompilerThread0" daemon [_thread_blocked, id=29044, stack(0x0000000054fa0000,0x00000000550a0000)]
  0x0000000053604800 JavaThread "Attach Listener" daemon [_thread_blocked, id=29040, stack(0x0000000054d60000,0x0000000054e60000)]
  0x0000000053601000 JavaThread "Signal Dispatcher" daemon [_thread_blocked, id=29036, stack(0x0000000054ad0000,0x0000000054bd0000)]
  0x000000005359e000 JavaThread "Finalizer" daemon [_thread_blocked, id=29000, stack(0x0000000054910000,0x0000000054a10000)]
  0x0000000053599000 JavaThread "Reference Handler" daemon [_thread_blocked, id=28996, stack(0x0000000054610000,0x0000000054710000)]

Other Threads:
  0x0000000053595000 VMThread [stack: 0x00000000547a0000,0x00000000548a0000] [id=28992]
  0x0000000055105800 WatcherThread [stack: 0x0000000055880000,0x0000000055980000] [id=29064]

VM state:not at safepoint (normal execution)

VM Mutex/Monitor currently owned by a thread: None

Heap:
 PSYoungGen      total 2560K, used 1558K [0x00000000f9c00000, 0x00000000f9f00000, 0x0000000100000000)
  eden space 2048K, 51% used [0x00000000f9c00000,0x00000000f9d099f0,0x00000000f9e00000)
  from space 512K, 96% used [0x00000000f9e80000,0x00000000f9efc010,0x00000000f9f00000)
  to   space 512K, 0% used [0x00000000f9e00000,0x00000000f9e00000,0x00000000f9e80000)
 ParOldGen       total 129536K, used 992K [0x00000000ed400000, 0x00000000f5280000, 0x00000000f9c00000)
  object space 129536K, 0% used [0x00000000ed400000,0x00000000ed4f8030,0x00000000f5280000)
 Metaspace       used 9776K, capacity 9906K, committed 10112K, reserved 1058816K
  class space    used 1244K, capacity 1305K, committed 1408K, reserved 1048576K

Card table byte_map: [0x0000000002310000,0x00000000023b0000] byte_map_base: 0x0000000001ba6000

Marking Bits: (ParMarkBitMap*) 0x00000000610312b0
 Begin Bits: [0x00000000122b0000, 0x0000000012760000)
 End Bits:   [0x0000000012760000, 0x0000000012c10000)

Polling page: 0x0000000000230000

CodeCache: size=245760Kb used=1934Kb max_used=1934Kb free=243825Kb
 bounds [0x0000000002910000, 0x0000000002b80000, 0x0000000011910000]
 total_blobs=896 nmethods=442 adapters=368
 compilation: enabled

Compilation events (10 events):
Event: 10.516 Thread 0x00000000550e9800 nmethod 437 0x0000000002af1410 code [0x0000000002af15a0, 0x0000000002af18d8]
Event: 10.516 Thread 0x00000000550e9800  438       3       java.awt.geom.AffineTransform::translate (547 bytes)
Event: 10.517 Thread 0x00000000550e9800 nmethod 438 0x0000000002af19d0 code [0x0000000002af1b80, 0x0000000002af26e8]
Event: 10.517 Thread 0x00000000550e9800  436       3       javax.swing.text.AbstractDocument$LeafElement::getStartOffset (10 bytes)
Event: 10.517 Thread 0x00000000550e9800 nmethod 436 0x0000000002af2810 code [0x0000000002af2980, 0x0000000002af2c28]
Event: 10.791 Thread 0x00000000550e9800  442       3       sun.font.SunFontManager::getInstance (9 bytes)
Event: 10.791 Thread 0x00000000550e9800 nmethod 442 0x0000000002af2d50 code [0x0000000002af2ee0, 0x0000000002af34c8]
Event: 10.792 Thread 0x00000000550e9800  441       3       java.awt.EventQueue::eventToCacheIndex (80 bytes)
Event: 10.792 Thread 0x00000000550e9800 nmethod 441 0x0000000002af36d0 code [0x0000000002af3840, 0x0000000002af3c90]
Event: 11.299 Thread 0x00000000550e9800  447   !   3       sun.font.FontDesignMetrics::getMetrics (265 bytes)

GC Heap History (8 events):
Event: 0.281 GC heap before
{Heap before GC invocations=1 (full 0):
 PSYoungGen      total 1024K, used 512K [0x00000000f9c00000, 0x00000000f9d80000, 0x0000000100000000)
  eden space 512K, 100% used [0x00000000f9c00000,0x00000000f9c80000,0x00000000f9c80000)
  from space 512K, 0% used [0x00000000f9d00000,0x00000000f9d00000,0x00000000f9d80000)
  to   space 512K, 0% used [0x00000000f9c80000,0x00000000f9c80000,0x00000000f9d00000)
 ParOldGen       total 129536K, used 0K [0x00000000ed400000, 0x00000000f5280000, 0x00000000f9c00000)
  object space 129536K, 0% used [0x00000000ed400000,0x00000000ed400000,0x00000000f5280000)
 Metaspace       used 3156K, capacity 4518K, committed 4864K, reserved 1056768K
  class space    used 357K, capacity 418K, committed 512K, reserved 1048576K
Event: 0.307 GC heap after
Heap after GC invocations=1 (full 0):
 PSYoungGen      total 1024K, used 368K [0x00000000f9c00000, 0x00000000f9e00000, 0x0000000100000000)
  eden space 512K, 0% used [0x00000000f9c00000,0x00000000f9c00000,0x00000000f9c80000)
  from space 512K, 71% used [0x00000000f9c80000,0x00000000f9cdc010,0x00000000f9d00000)
  to   space 512K, 0% used [0x00000000f9d80000,0x00000000f9d80000,0x00000000f9e00000)
 ParOldGen       total 129536K, used 8K [0x00000000ed400000, 0x00000000f5280000, 0x00000000f9c00000)
  object space 129536K, 0% used [0x00000000ed400000,0x00000000ed402000,0x00000000f5280000)
 Metaspace       used 3156K, capacity 4518K, committed 4864K, reserved 1056768K
  class space    used 357K, capacity 418K, committed 512K, reserved 1048576K
}
Event: 0.453 GC heap before
{Heap before GC invocations=2 (full 0):
 PSYoungGen      total 1024K, used 880K [0x00000000f9c00000, 0x00000000f9e00000, 0x0000000100000000)
  eden space 512K, 100% used [0x00000000f9c00000,0x00000000f9c80000,0x00000000f9c80000)
  from space 512K, 71% used [0x00000000f9c80000,0x00000000f9cdc010,0x00000000f9d00000)
  to   space 512K, 0% used [0x00000000f9d80000,0x00000000f9d80000,0x00000000f9e00000)
 ParOldGen       total 129536K, used 8K [0x00000000ed400000, 0x00000000f5280000, 0x00000000f9c00000)
  object space 129536K, 0% used [0x00000000ed400000,0x00000000ed402000,0x00000000f5280000)
 Metaspace       used 4794K, capacity 4852K, committed 4992K, reserved 1056768K
  class space    used 547K, capacity 599K, committed 640K, reserved 1048576K
Event: 0.484 GC heap after
Heap after GC invocations=2 (full 0):
 PSYoungGen      total 1536K, used 512K [0x00000000f9c00000, 0x00000000f9e00000, 0x0000000100000000)
  eden space 1024K, 0% used [0x00000000f9c00000,0x00000000f9c00000,0x00000000f9d00000)
  from space 512K, 100% used [0x00000000f9d80000,0x00000000f9e00000,0x00000000f9e00000)
  to   space 512K, 0% used [0x00000000f9d00000,0x00000000f9d00000,0x00000000f9d80000)
 ParOldGen       total 129536K, used 56K [0x00000000ed400000, 0x00000000f5280000, 0x00000000f9c00000)
  object space 129536K, 0% used [0x00000000ed400000,0x00000000ed40e000,0x00000000f5280000)
 Metaspace       used 4794K, capacity 4852K, committed 4992K, reserved 1056768K
  class space    used 547K, capacity 599K, committed 640K, reserved 1048576K
}
Event: 1.004 GC heap before
{Heap before GC invocations=3 (full 0):
 PSYoungGen      total 1536K, used 1536K [0x00000000f9c00000, 0x00000000f9e00000, 0x0000000100000000)
  eden space 1024K, 100% used [0x00000000f9c00000,0x00000000f9d00000,0x00000000f9d00000)
  from space 512K, 100% used [0x00000000f9d80000,0x00000000f9e00000,0x00000000f9e00000)
  to   space 512K, 0% used [0x00000000f9d00000,0x00000000f9d00000,0x00000000f9d80000)
 ParOldGen       total 129536K, used 56K [0x00000000ed400000, 0x00000000f5280000, 0x00000000f9c00000)
  object space 129536K, 0% used [0x00000000ed400000,0x00000000ed40e000,0x00000000f5280000)
 Metaspace       used 6079K, capacity 6198K, committed 6400K, reserved 1056768K
  class space    used 707K, capacity 756K, committed 768K, reserved 1048576K
Event: 1.027 GC heap after
Heap after GC invocations=3 (full 0):
 PSYoungGen      total 1536K, used 496K [0x00000000f9c00000, 0x00000000f9f00000, 0x0000000100000000)
  eden space 1024K, 0% used [0x00000000f9c00000,0x00000000f9c00000,0x00000000f9d00000)
  from space 512K, 96% used [0x00000000f9d00000,0x00000000f9d7c010,0x00000000f9d80000)
  to   space 512K, 0% used [0x00000000f9e80000,0x00000000f9e80000,0x00000000f9f00000)
 ParOldGen       total 129536K, used 520K [0x00000000ed400000, 0x00000000f5280000, 0x00000000f9c00000)
  object space 129536K, 0% used [0x00000000ed400000,0x00000000ed482030,0x00000000f5280000)
 Metaspace       used 6079K, capacity 6198K, committed 6400K, reserved 1056768K
  class space    used 707K, capacity 756K, committed 768K, reserved 1048576K
}
Event: 1.946 GC heap before
{Heap before GC invocations=4 (full 0):
 PSYoungGen      total 1536K, used 1392K [0x00000000f9c00000, 0x00000000f9f00000, 0x0000000100000000)
  eden space 1024K, 87% used [0x00000000f9c00000,0x00000000f9ce01e0,0x00000000f9d00000)
  from space 512K, 96% used [0x00000000f9d00000,0x00000000f9d7c010,0x00000000f9d80000)
  to   space 512K, 0% used [0x00000000f9e80000,0x00000000f9e80000,0x00000000f9f00000)
 ParOldGen       total 129536K, used 520K [0x00000000ed400000, 0x00000000f5280000, 0x00000000f9c00000)
  object space 129536K, 0% used [0x00000000ed400000,0x00000000ed482030,0x00000000f5280000)
 Metaspace       used 9040K, capacity 9170K, committed 9472K, reserved 1056768K
  class space    used 1153K, capacity 1209K, committed 1280K, reserved 1048576K
Event: 1.978 GC heap after
Heap after GC invocations=4 (full 0):
 PSYoungGen      total 2560K, used 496K [0x00000000f9c00000, 0x00000000f9f00000, 0x0000000100000000)
  eden space 2048K, 0% used [0x00000000f9c00000,0x00000000f9c00000,0x00000000f9e00000)
  from space 512K, 96% used [0x00000000f9e80000,0x00000000f9efc010,0x00000000f9f00000)
  to   space 512K, 0% used [0x00000000f9e00000,0x00000000f9e00000,0x00000000f9e80000)
 ParOldGen       total 129536K, used 992K [0x00000000ed400000, 0x00000000f5280000, 0x00000000f9c00000)
  object space 129536K, 0% used [0x00000000ed400000,0x00000000ed4f8030,0x00000000f5280000)
 Metaspace       used 9040K, capacity 9170K, committed 9472K, reserved 1056768K
  class space    used 1153K, capacity 1209K, committed 1280K, reserved 1048576K
}

Deoptimization events (0 events):
No events

Internal exceptions (10 events):
Event: 0.310 Thread 0x000000000230d800 Exception <a 'java/security/PrivilegedActionException'> (0x00000000f9c09188) thrown at [C:\re\workspace\8-2-build-windows-amd64-cygwin\jdk8u11\648\hotspot\src\share\vm\prims\jvm.cpp, line 1248]
Event: 0.310 Thread 0x000000000230d800 Exception <a 'java/security/PrivilegedActionException'> (0x00000000f9c09340) thrown at [C:\re\workspace\8-2-build-windows-amd64-cygwin\jdk8u11\648\hotspot\src\share\vm\prims\jvm.cpp, line 1248]
Event: 0.325 Thread 0x000000000230d800 Exception <a 'java/io/FileNotFoundException'> (0x00000000f9c0b6b0) thrown at [C:\re\workspace\8-2-build-windows-amd64-cygwin\jdk8u11\648\hotspot\src\share\vm\prims\jni.cpp, line 716]
Event: 0.391 Thread 0x000000000230d800 Exception <a 'java/io/FileNotFoundException'> (0x00000000f9c2b3b0) thrown at [C:\re\workspace\8-2-build-windows-amd64-cygwin\jdk8u11\648\hotspot\src\share\vm\prims\jni.cpp, line 716]
Event: 0.429 Thread 0x000000000230d800 Exception <a 'java/lang/ClassNotFoundException': java/lang/Null> (0x00000000f9c47330) thrown at [C:\re\workspace\8-2-build-windows-amd64-cygwin\jdk8u11\648\hotspot\src\share\vm\classfile\systemDictionary.cpp, line 202]
Event: 0.491 Thread 0x000000000230d800 Exception <a 'java/lang/NoSuchFieldError': method resolution failed> (0x00000000f9c1e798) thrown at [C:\re\workspace\8-2-build-windows-amd64-cygwin\jdk8u11\648\hotspot\src\share\vm\prims\methodHandles.cpp, line 1159]
Event: 0.495 Thread 0x000000000230d800 Exception <a 'java/lang/NoSuchFieldError': method resolution failed> (0x00000000f9c2d658) thrown at [C:\re\workspace\8-2-build-windows-amd64-cygwin\jdk8u11\648\hotspot\src\share\vm\prims\methodHandles.cpp, line 1159]
Event: 0.496 Thread 0x000000000230d800 Exception <a 'java/lang/NoSuchFieldError': method resolution failed> (0x00000000f9c30b70) thrown at [C:\re\workspace\8-2-build-windows-amd64-cygwin\jdk8u11\648\hotspot\src\share\vm\prims\methodHandles.cpp, line 1159]
Event: 1.181 Thread 0x000000000230d800 Exception <a 'java/security/PrivilegedActionException'> (0x00000000f9c804d8) thrown at [C:\re\workspace\8-2-build-windows-amd64-cygwin\jdk8u11\648\hotspot\src\share\vm\prims\jvm.cpp, line 1248]
Event: 1.182 Thread 0x000000000230d800 Exception <a 'java/security/PrivilegedActionException'> (0x00000000f9c829c8) thrown at [C:\re\workspace\8-2-build-windows-amd64-cygwin\jdk8u11\648\hotspot\src\share\vm\prims\jvm.cpp, line 1248]

Events (10 events):
Event: 2.113 loading class java/util/concurrent/TimeUnit$6
Event: 2.113 loading class java/util/concurrent/TimeUnit$6 done
Event: 2.113 loading class java/util/concurrent/TimeUnit$7
Event: 2.113 loading class java/util/concurrent/TimeUnit$7 done
Event: 2.116 loading class java/util/concurrent/locks/LockSupport
Event: 2.116 loading class java/util/concurrent/locks/LockSupport done
Event: 2.624 loading class javax/swing/Timer$1
Event: 2.624 loading class javax/swing/Timer$1 done
Event: 4.252 Executing VM operation: EnableBiasedLocking
Event: 4.252 Executing VM operation: EnableBiasedLocking done


Dynamic libraries:
0x000000013f250000 - 0x000000013f284000 	C:\Program Files\Java\jdk1.8.0_11\bin\java.exe
0x0000000077490000 - 0x0000000077639000 	C:\windows\SYSTEM32\ntdll.dll
0x0000000077270000 - 0x000000007738f000 	C:\windows\system32\kernel32.dll
0x000007fefd2e0000 - 0x000007fefd34c000 	C:\windows\system32\KERNELBASE.dll
0x000007fefe0d0000 - 0x000007fefe1ab000 	C:\windows\system32\ADVAPI32.dll
0x000007feff100000 - 0x000007feff19f000 	C:\windows\system32\msvcrt.dll
0x000007fefe0b0000 - 0x000007fefe0cf000 	C:\windows\SYSTEM32\sechost.dll
0x000007feff2b0000 - 0x000007feff3dd000 	C:\windows\system32\RPCRT4.dll
0x0000000077390000 - 0x000000007748a000 	C:\windows\system32\USER32.dll
0x000007feff5f0000 - 0x000007feff657000 	C:\windows\system32\GDI32.dll
0x000007feff0f0000 - 0x000007feff0fe000 	C:\windows\system32\LPK.dll
0x000007feff6c0000 - 0x000007feff789000 	C:\windows\system32\USP10.dll
0x000007fefbd20000 - 0x000007fefbf14000 	C:\windows\WinSxS\amd64_microsoft.windows.common-controls_6595b64144ccf1df_6.0.7601.17514_none_fa396087175ac9ac\COMCTL32.dll
0x000007feff570000 - 0x000007feff5e1000 	C:\windows\system32\SHLWAPI.dll
0x000007feff1a0000 - 0x000007feff1ce000 	C:\windows\system32\IMM32.DLL
0x000007fefefc0000 - 0x000007feff0c9000 	C:\windows\system32\MSCTF.dll
0x0000000061b70000 - 0x0000000061c42000 	C:\Program Files\Java\jdk1.8.0_11\jre\bin\msvcr100.dll
0x0000000060880000 - 0x00000000610aa000 	C:\Program Files\Java\jdk1.8.0_11\jre\bin\server\jvm.dll
0x000007fefa780000 - 0x000007fefa789000 	C:\windows\system32\WSOCK32.dll
0x000007fefdd90000 - 0x000007fefdddd000 	C:\windows\system32\WS2_32.dll
0x000007feff790000 - 0x000007feff798000 	C:\windows\system32\NSI.dll
0x000007fefc210000 - 0x000007fefc24b000 	C:\windows\system32\WINMM.dll
0x0000000077660000 - 0x0000000077667000 	C:\windows\system32\PSAPI.DLL
0x0000000061d00000 - 0x0000000061d0f000 	C:\Program Files\Java\jdk1.8.0_11\jre\bin\verify.dll
0x0000000061b40000 - 0x0000000061b68000 	C:\Program Files\Java\jdk1.8.0_11\jre\bin\java.dll
0x0000000061b20000 - 0x0000000061b36000 	C:\Program Files\Java\jdk1.8.0_11\jre\bin\zip.dll
0x000007fefe230000 - 0x000007fefefb8000 	C:\windows\system32\SHELL32.dll
0x000007fefd610000 - 0x000007fefd813000 	C:\windows\system32\ole32.dll
0x000007fefd260000 - 0x000007fefd26f000 	C:\windows\system32\profapi.dll
0x000000005fdb0000 - 0x000000005ff46000 	C:\Program Files\Java\jdk1.8.0_11\jre\bin\awt.dll
0x000007feff1d0000 - 0x000007feff2a7000 	C:\windows\system32\OLEAUT32.dll
0x000007fefb520000 - 0x000007fefb538000 	C:\windows\system32\DWMAPI.DLL
0x000007fefb950000 - 0x000007fefb9a6000 	C:\windows\system32\uxtheme.dll
0x000007fee2650000 - 0x000007fee2725000 	c:\Program Files\Hewlett-Packard\HP ProtectTools Security Manager\Bin\DpoFeedb.dll
0x000007fefc5c0000 - 0x000007fefc5cc000 	C:\windows\system32\VERSION.dll
0x000007fefd5b0000 - 0x000007fefd5ce000 	C:\windows\system32\USERENV.dll
0x000007fef1b90000 - 0x000007fef1c0f000 	C:\Program Files\Common Files\microsoft shared\ink\tiptsf.dll
0x000007fefd0f0000 - 0x000007fefd0ff000 	C:\windows\system32\CRYPTBASE.dll
0x000007fee1780000 - 0x000007fee17d7000 	c:\Program Files\Hewlett-Packard\HP ProtectTools Security Manager\Bin\DpoSet.dll
0x000007fefad80000 - 0x000007fefad8e000 	C:\windows\system32\atiu9p64.dll
0x0000000061ad0000 - 0x0000000061b17000 	C:\Program Files\Java\jdk1.8.0_11\jre\bin\fontmanager.dll
0x0000000061aa0000 - 0x0000000061aba000 	C:\Program Files\Java\jdk1.8.0_11\jre\bin\net.dll
0x000007fefca30000 - 0x000007fefca85000 	C:\windows\system32\mswsock.dll
0x000007fefca20000 - 0x000007fefca27000 	C:\windows\System32\wship6.dll
0x0000000061850000 - 0x0000000061861000 	C:\Program Files\Java\jdk1.8.0_11\jre\bin\nio.dll
0x000007fefda00000 - 0x000007fefda99000 	C:\windows\system32\CLBCatQ.DLL
0x000007fefb180000 - 0x000007fefb2e1000 	C:\windows\system32\WindowsCodecs.dll
0x000007fefd090000 - 0x000007fefd0e7000 	C:\windows\system32\apphelp.dll
0x000007fef1690000 - 0x000007fef16c5000 	C:\windows\system32\EhStorShell.dll
0x000007fefd820000 - 0x000007fefd9f7000 	C:\windows\system32\SETUPAPI.dll
0x000007fefd280000 - 0x000007fefd2b6000 	C:\windows\system32\CFGMGR32.dll
0x000007fefd350000 - 0x000007fefd36a000 	C:\windows\system32\DEVOBJ.dll
0x000007fefbb50000 - 0x000007fefbc7c000 	C:\windows\system32\PROPSYS.dll
0x000007fef1610000 - 0x000007fef168e000 	C:\windows\System32\cscui.dll
0x000007fef1600000 - 0x000007fef160c000 	C:\windows\System32\CSCDLL.dll
0x000007fef45a0000 - 0x000007fef45af000 	C:\windows\system32\CSCAPI.dll
0x000007fef1580000 - 0x000007fef1600000 	C:\windows\system32\ntshrui.dll
0x000007fefcdf0000 - 0x000007fefce13000 	C:\windows\system32\srvcli.dll
0x000007fefab40000 - 0x000007fefab4b000 	C:\windows\system32\slc.dll
0x0000000061800000 - 0x0000000061841000 	C:\Program Files\Java\jdk1.8.0_11\jre\bin\t2k.dll

VM Arguments:
jvm_args: -Xmx300m 
java_command: GUI
java_class_path (initial): .
Launcher Type: SUN_STANDARD

Environment Variables:
PATH=C:\Program Files\Java\jdk1.8.0_11\bin;C:\MinGW\bin;C:\Program Files\Microsoft SQL Server\110\Tools\Binn\
USERNAME=Skye
OS=Windows_NT
PROCESSOR_IDENTIFIER=Intel64 Family 6 Model 58 Stepping 9, GenuineIntel



---------------  S Y S T E M  ---------------

OS: Windows 7 , 64 bit Build 7601 Service Pack 1

CPU:total 4 (2 cores per cpu, 2 threads per core) family 6 model 58 stepping 9, cmov, cx8, fxsr, mmx, sse, sse2, sse3, ssse3, sse4.1, sse4.2, popcnt, avx, aes, clmul, erms, ht, tsc, tscinvbit

Memory: 4k page, physical 8266296k(835372k free), swap 33063320k(5136k free)

vm_info: Java HotSpot(TM) 64-Bit Server VM (25.11-b03) for windows-amd64 JRE (1.8.0_11-b12), built on Jun 16 2014 20:57:32 by "java_re" with MS VC++ 10.0 (VS2010)

time: Thu Dec 04 20:37:04 2014
elapsed time: 11 seconds

